<?xml version="1.0" encoding="UTF-8"?>
<!-- Generated by org.testng.reporters.JUnitReportReporter -->
<testsuite skipped="0" hostname="LAPTOP-FK7QL8FC" name="Sample.cmdparameter_test" tests="1" failures="0" timestamp="2022-07-14T15:52:50 IST" time="0.018" errors="0">
  <testcase name="cmdparameters" time="0.018" classname="Sample.cmdparameter_test"/>
  <system-out/>
</testsuite> <!-- Sample.cmdparameter_test -->
