<?xml version="1.0" encoding="UTF-8"?>
<!-- Generated by org.testng.reporters.JUnitReportReporter -->
<testsuite skipped="0" hostname="LAPTOP-FK7QL8FC" name="Sample.Smoke_testing" tests="2" failures="0" timestamp="2022-07-13T17:53:02 IST" time="16.795" errors="0">
  <testcase name="regresiontesting" time="16.791" classname="Sample.Smoke_testing"/>
  <system-out/>
  <testcase name="smoketesting1" time="0.004" classname="Sample.Smoke_testing"/>
  <system-out/>
</testsuite> <!-- Sample.Smoke_testing -->
