<?xml version="1.0" encoding="UTF-8"?>
<!-- Generated by org.testng.reporters.JUnitReportReporter -->
<testsuite skipped="0" hostname="LAPTOP-FK7QL8FC" name="Sample.Delete_contact_testng_test" tests="2" failures="0" timestamp="2022-07-14T15:01:01 IST" time="59.252" errors="0">
  <testcase name="createcontact" time="39.728" classname="Sample.Delete_contact_testng_test"/>
  <system-out/>
  <testcase name="delecontaact" time="19.524" classname="Sample.Delete_contact_testng_test"/>
  <system-out/>
</testsuite> <!-- Sample.Delete_contact_testng_test -->
